Arguments: 
  /usr/bin/node /usr/share/yarn/bin/yarn.js add jquery

PATH: 
  /usr/share/rvm/gems/ruby-2.3.8/bin:/usr/share/rvm/gems/ruby-2.3.8@global/bin:/usr/share/rvm/rubies/ruby-2.3.8/bin:/usr/share/rvm/bin:/home/yuri/.rbenv/plugins/ruby-build/bin:/home/yuri/.rbenv/shims:/home/yuri/.rbenv/bin:/home/yuri/.rbenv/plugins/ruby-build/bin:/home/yuri/.rbenv/shims:/home/yuri/.rbenv/bin:/usr/local/sbin:/usr/local/bin:/usr/sbin:/usr/bin:/sbin:/bin:/usr/games:/usr/local/games:/snap/bin

Yarn version: 
  1.22.19

Node version: 
  16.16.0

Platform: 
  linux x64

Trace: 
  Error: EACCES: permission denied, unlink '/home/yuri/Área de Trabalho/curso rails/workspace/modulo_03/crypto_wallet/node_modules/bootstrap/LICENSE'

npm manifest: 
  {
    "name": "crypto_wallet",
    "private": true,
    "dependencies": {
      "bootstrap": "^5.1.3",
      "jquery": "^3.6.0",
      "notify-js-legacy": "^0.4.1",
      "popper.js": "^1.16.1"
    },
    "version": "1.0.0",
    "main": "index.js",
    "author": "Werbson Yuri",
    "license": "MIT"
  }

yarn manifest: 
  No manifest

Lockfile: 
  # THIS IS AN AUTOGENERATED FILE. DO NOT EDIT THIS FILE DIRECTLY.
  # yarn lockfile v1
  
  
  bootstrap@^5.1.3:
    version "5.1.3"
    resolved "https://registry.yarnpkg.com/bootstrap/-/bootstrap-5.1.3.tgz#ba081b0c130f810fa70900acbc1c6d3c28fa8f34"
    integrity sha512-fcQztozJ8jToQWXxVuEyXWW+dSo8AiXWKwiSSrKWsRB/Qt+Ewwza+JWoLKiTuQLaEPhdNAJ7+Dosc9DOIqNy7Q==
  
  jquery@^3.6.0:
    version "3.6.0"
    resolved "https://registry.yarnpkg.com/jquery/-/jquery-3.6.0.tgz#c72a09f15c1bdce142f49dbf1170bdf8adac2470"
    integrity sha512-JVzAR/AjBvVt2BmYhxRCSYysDsPcssdmTFnzyLEts9qNwmjmu4JTAMYubEfwVOSwpQ1I1sKKFcxhZCI2buerfw==
  
  notify-js-legacy@^0.4.1:
    version "0.4.1"
    resolved "https://registry.yarnpkg.com/notify-js-legacy/-/notify-js-legacy-0.4.1.tgz#d8cd3a03a16de5018b469ed578f9cd0a5d98afa7"
    integrity sha512-v9tUdioFeizt2Y+wD9Vg4MWN8zbX5BTLfjHMO9UBKKLODZSsfnlV+MWONWVldB6sXqvg3AbaYB407WxnmYZk/g==
  
  popper.js@^1.16.1:
    version "1.16.1"
    resolved "https://registry.yarnpkg.com/popper.js/-/popper.js-1.16.1.tgz#2a223cb3dc7b6213d740e40372be40de43e65b1b"
    integrity sha512-Wb4p1J4zyFTbM+u6WuO4XstYx4Ky9Cewe4DWrel7B0w6VVICvPwdOpotjzcf6eD8TsckVnIMNONQyPIUFOUbCQ==
